time=2025-01-14T21:54:12.874+03:00 level=INFO msg="Switching to Register page"
time=2025-01-14T21:54:23.034+03:00 level=ERROR msg="failed to check login in base" error="sql: no rows in result set"
time=2025-01-14T21:54:23.036+03:00 level=INFO msg="access token updated"
time=2025-01-14T21:54:24.037+03:00 level=ERROR msg="len sync = 0" error=<nil>
time=2025-01-14T21:54:24.424+03:00 level=INFO msg="start credentials"
time=2025-01-14T21:54:25.037+03:00 level=ERROR msg="len sync = 0" error=<nil>
time=2025-01-14T21:54:26.037+03:00 level=ERROR msg="len sync = 0" error=<nil>
time=2025-01-14T21:54:27.037+03:00 level=ERROR msg="len sync = 0" error=<nil>
time=2025-01-14T21:54:28.037+03:00 level=ERROR msg="len sync = 0" error=<nil>
time=2025-01-14T21:54:29.037+03:00 level=ERROR msg="len sync = 0" error=<nil>
time=2025-01-14T21:54:30.036+03:00 level=ERROR msg="len sync = 0" error=<nil>
time=2025-01-14T21:54:31.037+03:00 level=ERROR msg="len sync = 0" error=<nil>
time=2025-01-14T21:54:31.322+03:00 level=INFO msg="cli.saveResource Start"
time=2025-01-14T21:54:32.045+03:00 level=WARN msg="no text data to sync"
time=2025-01-14T21:54:32.045+03:00 level=WARN msg="no binary data to sync"
time=2025-01-14T21:54:32.045+03:00 level=WARN msg="no cards to sync"
time=2025-01-14T21:54:33.037+03:00 level=ERROR msg="len sync = 0" error=<nil>
time=2025-01-14T21:54:34.037+03:00 level=ERROR msg="len sync = 0" error=<nil>
time=2025-01-14T21:54:35.037+03:00 level=ERROR msg="len sync = 0" error=<nil>
time=2025-01-14T21:54:36.036+03:00 level=ERROR msg="len sync = 0" error=<nil>
time=2025-01-14T21:54:37.037+03:00 level=ERROR msg="len sync = 0" error=<nil>
time=2025-01-14T21:54:38.037+03:00 level=ERROR msg="len sync = 0" error=<nil>
time=2025-01-14T21:54:39.037+03:00 level=ERROR msg="len sync = 0" error=<nil>
time=2025-01-14T21:54:40.036+03:00 level=ERROR msg="len sync = 0" error=<nil>
time=2025-01-14T21:54:41.036+03:00 level=ERROR msg="len sync = 0" error=<nil>
time=2025-01-14T21:54:42.037+03:00 level=ERROR msg="len sync = 0" error=<nil>
time=2025-01-14T21:54:43.036+03:00 level=ERROR msg="len sync = 0" error=<nil>
time=2025-01-14T21:54:44.037+03:00 level=ERROR msg="len sync = 0" error=<nil>
time=2025-01-14T21:54:45.037+03:00 level=ERROR msg="len sync = 0" error=<nil>
time=2025-01-14T21:54:46.037+03:00 level=ERROR msg="len sync = 0" error=<nil>
time=2025-01-14T21:54:47.036+03:00 level=ERROR msg="len sync = 0" error=<nil>
time=2025-01-14T21:54:48.036+03:00 level=ERROR msg="len sync = 0" error=<nil>
time=2025-01-14T21:54:49.037+03:00 level=ERROR msg="len sync = 0" error=<nil>
time=2025-01-14T21:54:50.036+03:00 level=ERROR msg="len sync = 0" error=<nil>
time=2025-01-14T21:54:51.035+03:00 level=ERROR msg="len sync = 0" error=<nil>
time=2025-01-14T21:54:52.036+03:00 level=ERROR msg="len sync = 0" error=<nil>
time=2025-01-14T21:54:53.036+03:00 level=ERROR msg="len sync = 0" error=<nil>
time=2025-01-14T21:54:54.036+03:00 level=ERROR msg="len sync = 0" error=<nil>
time=2025-01-14T21:54:55.040+03:00 level=ERROR msg="len sync = 0" error=<nil>
time=2025-01-14T21:54:56.036+03:00 level=ERROR msg="len sync = 0" error=<nil>
time=2025-01-14T21:54:57.036+03:00 level=ERROR msg="len sync = 0" error=<nil>
time=2025-01-14T21:54:58.036+03:00 level=ERROR msg="len sync = 0" error=<nil>
time=2025-01-14T21:54:59.036+03:00 level=ERROR msg="len sync = 0" error=<nil>
time=2025-01-14T21:55:00.036+03:00 level=ERROR msg="len sync = 0" error=<nil>
time=2025-01-14T21:55:01.036+03:00 level=ERROR msg="len sync = 0" error=<nil>
time=2025-01-14T21:55:02.036+03:00 level=ERROR msg="len sync = 0" error=<nil>
time=2025-01-14T21:55:03.035+03:00 level=ERROR msg="len sync = 0" error=<nil>
time=2025-01-14T21:55:04.036+03:00 level=ERROR msg="len sync = 0" error=<nil>
time=2025-01-14T21:55:05.035+03:00 level=ERROR msg="len sync = 0" error=<nil>
time=2025-01-14T21:55:06.036+03:00 level=ERROR msg="len sync = 0" error=<nil>
time=2025-01-14T21:55:07.035+03:00 level=ERROR msg="len sync = 0" error=<nil>
time=2025-01-14T21:55:08.035+03:00 level=ERROR msg="len sync = 0" error=<nil>
time=2025-01-14T21:55:09.035+03:00 level=ERROR msg="len sync = 0" error=<nil>
time=2025-01-14T21:55:10.036+03:00 level=ERROR msg="len sync = 0" error=<nil>
time=2025-01-14T21:55:11.035+03:00 level=ERROR msg="len sync = 0" error=<nil>
time=2025-01-14T21:55:12.036+03:00 level=ERROR msg="len sync = 0" error=<nil>
time=2025-01-14T21:55:13.035+03:00 level=ERROR msg="len sync = 0" error=<nil>
time=2025-01-14T21:55:14.035+03:00 level=ERROR msg="len sync = 0" error=<nil>
time=2025-01-14T21:55:15.035+03:00 level=ERROR msg="len sync = 0" error=<nil>
time=2025-01-14T21:55:16.036+03:00 level=ERROR msg="len sync = 0" error=<nil>
time=2025-01-14T21:55:17.035+03:00 level=ERROR msg="len sync = 0" error=<nil>
time=2025-01-14T21:55:18.035+03:00 level=ERROR msg="len sync = 0" error=<nil>
time=2025-01-14T21:55:19.034+03:00 level=ERROR msg="len sync = 0" error=<nil>
time=2025-01-14T21:55:20.036+03:00 level=ERROR msg="len sync = 0" error=<nil>
time=2025-01-14T21:55:21.035+03:00 level=ERROR msg="len sync = 0" error=<nil>
time=2025-01-14T21:55:22.035+03:00 level=ERROR msg="len sync = 0" error=<nil>
time=2025-01-14T21:55:23.034+03:00 level=ERROR msg="len sync = 0" error=<nil>
time=2025-01-14T21:55:24.035+03:00 level=ERROR msg="len sync = 0" error=<nil>
time=2025-01-14T21:55:25.035+03:00 level=ERROR msg="len sync = 0" error=<nil>
time=2025-01-14T21:55:26.035+03:00 level=ERROR msg="len sync = 0" error=<nil>
time=2025-01-14T21:55:27.035+03:00 level=ERROR msg="len sync = 0" error=<nil>
time=2025-01-14T21:55:28.035+03:00 level=ERROR msg="len sync = 0" error=<nil>
time=2025-01-14T21:55:29.035+03:00 level=ERROR msg="len sync = 0" error=<nil>
time=2025-01-14T21:55:30.035+03:00 level=ERROR msg="len sync = 0" error=<nil>
time=2025-01-14T21:55:31.035+03:00 level=ERROR msg="len sync = 0" error=<nil>
time=2025-01-14T21:55:32.035+03:00 level=ERROR msg="len sync = 0" error=<nil>
time=2025-01-14T21:55:33.035+03:00 level=ERROR msg="len sync = 0" error=<nil>
time=2025-01-14T21:55:34.035+03:00 level=ERROR msg="len sync = 0" error=<nil>
time=2025-01-14T21:55:35.035+03:00 level=ERROR msg="len sync = 0" error=<nil>
time=2025-01-14T21:55:36.035+03:00 level=ERROR msg="len sync = 0" error=<nil>
time=2025-01-14T21:55:37.034+03:00 level=ERROR msg="len sync = 0" error=<nil>
time=2025-01-14T21:55:38.035+03:00 level=ERROR msg="len sync = 0" error=<nil>
time=2025-01-14T21:55:39.034+03:00 level=ERROR msg="len sync = 0" error=<nil>
time=2025-01-14T21:55:40.035+03:00 level=ERROR msg="len sync = 0" error=<nil>
time=2025-01-14T21:55:41.035+03:00 level=ERROR msg="len sync = 0" error=<nil>
time=2025-01-14T21:55:42.034+03:00 level=ERROR msg="len sync = 0" error=<nil>
time=2025-01-14T21:55:43.033+03:00 level=ERROR msg="len sync = 0" error=<nil>
time=2025-01-14T21:55:44.034+03:00 level=ERROR msg="len sync = 0" error=<nil>
time=2025-01-14T21:55:45.034+03:00 level=ERROR msg="len sync = 0" error=<nil>
time=2025-01-14T21:55:46.034+03:00 level=ERROR msg="len sync = 0" error=<nil>
time=2025-01-14T21:55:47.034+03:00 level=ERROR msg="len sync = 0" error=<nil>
time=2025-01-14T21:55:48.034+03:00 level=ERROR msg="len sync = 0" error=<nil>
time=2025-01-14T21:55:49.034+03:00 level=ERROR msg="len sync = 0" error=<nil>
time=2025-01-14T21:55:50.034+03:00 level=ERROR msg="len sync = 0" error=<nil>
time=2025-01-14T21:55:51.034+03:00 level=ERROR msg="len sync = 0" error=<nil>
time=2025-01-14T21:55:52.034+03:00 level=ERROR msg="len sync = 0" error=<nil>
time=2025-01-14T21:55:53.034+03:00 level=ERROR msg="len sync = 0" error=<nil>
time=2025-01-14T21:55:54.034+03:00 level=ERROR msg="len sync = 0" error=<nil>
time=2025-01-14T21:55:55.033+03:00 level=ERROR msg="len sync = 0" error=<nil>
time=2025-01-14T21:55:56.034+03:00 level=ERROR msg="len sync = 0" error=<nil>
time=2025-01-14T21:55:57.034+03:00 level=ERROR msg="len sync = 0" error=<nil>
time=2025-01-14T21:55:58.034+03:00 level=ERROR msg="len sync = 0" error=<nil>
time=2025-01-14T21:55:59.033+03:00 level=ERROR msg="len sync = 0" error=<nil>
time=2025-01-14T21:56:00.034+03:00 level=ERROR msg="len sync = 0" error=<nil>
time=2025-01-14T21:56:01.034+03:00 level=ERROR msg="len sync = 0" error=<nil>
time=2025-01-14T21:56:02.034+03:00 level=ERROR msg="len sync = 0" error=<nil>
time=2025-01-14T21:56:03.034+03:00 level=ERROR msg="len sync = 0" error=<nil>
time=2025-01-14T21:56:04.034+03:00 level=ERROR msg="len sync = 0" error=<nil>
time=2025-01-14T21:56:05.034+03:00 level=ERROR msg="len sync = 0" error=<nil>
time=2025-01-14T21:56:06.034+03:00 level=ERROR msg="len sync = 0" error=<nil>
time=2025-01-14T21:56:07.034+03:00 level=ERROR msg="len sync = 0" error=<nil>
time=2025-01-14T21:56:08.034+03:00 level=ERROR msg="len sync = 0" error=<nil>
time=2025-01-14T21:56:09.033+03:00 level=ERROR msg="len sync = 0" error=<nil>
time=2025-01-14T21:56:10.033+03:00 level=ERROR msg="len sync = 0" error=<nil>
time=2025-01-14T21:56:11.033+03:00 level=ERROR msg="len sync = 0" error=<nil>
time=2025-01-14T21:56:12.033+03:00 level=ERROR msg="len sync = 0" error=<nil>
time=2025-01-14T21:56:13.033+03:00 level=ERROR msg="len sync = 0" error=<nil>
time=2025-01-14T21:56:14.033+03:00 level=ERROR msg="len sync = 0" error=<nil>
time=2025-01-14T21:56:15.034+03:00 level=ERROR msg="len sync = 0" error=<nil>
time=2025-01-14T21:56:16.033+03:00 level=ERROR msg="len sync = 0" error=<nil>
time=2025-01-14T21:56:17.033+03:00 level=ERROR msg="len sync = 0" error=<nil>
time=2025-01-14T21:56:18.033+03:00 level=ERROR msg="len sync = 0" error=<nil>
time=2025-01-14T21:56:19.033+03:00 level=ERROR msg="len sync = 0" error=<nil>
time=2025-01-14T21:56:20.033+03:00 level=ERROR msg="len sync = 0" error=<nil>
time=2025-01-14T21:56:21.033+03:00 level=ERROR msg="len sync = 0" error=<nil>
time=2025-01-14T21:56:22.033+03:00 level=ERROR msg="len sync = 0" error=<nil>
time=2025-01-14T21:56:23.032+03:00 level=ERROR msg="len sync = 0" error=<nil>
time=2025-01-14T21:56:24.033+03:00 level=ERROR msg="len sync = 0" error=<nil>
time=2025-01-14T21:56:25.032+03:00 level=ERROR msg="len sync = 0" error=<nil>
time=2025-01-14T21:56:26.033+03:00 level=ERROR msg="len sync = 0" error=<nil>
time=2025-01-14T21:56:27.033+03:00 level=ERROR msg="len sync = 0" error=<nil>
time=2025-01-14T21:56:28.033+03:00 level=ERROR msg="len sync = 0" error=<nil>
time=2025-01-14T21:56:29.033+03:00 level=ERROR msg="len sync = 0" error=<nil>
time=2025-01-14T21:56:30.033+03:00 level=ERROR msg="len sync = 0" error=<nil>
time=2025-01-14T21:56:31.032+03:00 level=ERROR msg="len sync = 0" error=<nil>
time=2025-01-14T21:56:32.033+03:00 level=ERROR msg="len sync = 0" error=<nil>
time=2025-01-14T21:56:33.033+03:00 level=ERROR msg="len sync = 0" error=<nil>
time=2025-01-14T21:56:34.033+03:00 level=ERROR msg="len sync = 0" error=<nil>
time=2025-01-14T21:56:35.034+03:00 level=ERROR msg="len sync = 0" error=<nil>
time=2025-01-14T21:56:36.032+03:00 level=ERROR msg="len sync = 0" error=<nil>
time=2025-01-14T21:56:37.032+03:00 level=ERROR msg="len sync = 0" error=<nil>
time=2025-01-14T21:56:38.032+03:00 level=ERROR msg="len sync = 0" error=<nil>
time=2025-01-14T21:56:39.032+03:00 level=ERROR msg="len sync = 0" error=<nil>
time=2025-01-14T21:56:40.032+03:00 level=ERROR msg="len sync = 0" error=<nil>
time=2025-01-14T21:56:41.032+03:00 level=ERROR msg="len sync = 0" error=<nil>
time=2025-01-14T21:56:42.032+03:00 level=ERROR msg="len sync = 0" error=<nil>
time=2025-01-14T21:56:43.032+03:00 level=ERROR msg="len sync = 0" error=<nil>
time=2025-01-14T21:56:44.032+03:00 level=ERROR msg="len sync = 0" error=<nil>
time=2025-01-14T21:56:45.032+03:00 level=ERROR msg="len sync = 0" error=<nil>
time=2025-01-14T21:56:46.032+03:00 level=ERROR msg="len sync = 0" error=<nil>
time=2025-01-14T21:56:47.032+03:00 level=ERROR msg="len sync = 0" error=<nil>
time=2025-01-14T21:56:48.032+03:00 level=ERROR msg="len sync = 0" error=<nil>
time=2025-01-14T21:56:49.031+03:00 level=ERROR msg="len sync = 0" error=<nil>
time=2025-01-14T21:56:50.032+03:00 level=ERROR msg="len sync = 0" error=<nil>
time=2025-01-14T21:56:51.032+03:00 level=ERROR msg="len sync = 0" error=<nil>
time=2025-01-14T21:56:52.031+03:00 level=ERROR msg="len sync = 0" error=<nil>
time=2025-01-14T21:56:53.032+03:00 level=ERROR msg="len sync = 0" error=<nil>
time=2025-01-14T21:56:54.032+03:00 level=ERROR msg="len sync = 0" error=<nil>
time=2025-01-14T21:56:55.032+03:00 level=ERROR msg="len sync = 0" error=<nil>
time=2025-01-14T21:56:56.032+03:00 level=ERROR msg="len sync = 0" error=<nil>
time=2025-01-14T21:56:57.031+03:00 level=ERROR msg="len sync = 0" error=<nil>
time=2025-01-14T21:56:58.031+03:00 level=ERROR msg="len sync = 0" error=<nil>
time=2025-01-14T21:56:59.031+03:00 level=ERROR msg="len sync = 0" error=<nil>
time=2025-01-14T21:57:00.031+03:00 level=ERROR msg="len sync = 0" error=<nil>
time=2025-01-14T21:57:01.031+03:00 level=ERROR msg="len sync = 0" error=<nil>
time=2025-01-14T21:57:02.031+03:00 level=ERROR msg="len sync = 0" error=<nil>
time=2025-01-14T21:57:03.031+03:00 level=ERROR msg="len sync = 0" error=<nil>
time=2025-01-14T21:57:04.031+03:00 level=ERROR msg="len sync = 0" error=<nil>
time=2025-01-14T21:57:05.031+03:00 level=ERROR msg="len sync = 0" error=<nil>
time=2025-01-14T21:57:06.031+03:00 level=ERROR msg="len sync = 0" error=<nil>
time=2025-01-14T21:57:07.030+03:00 level=ERROR msg="len sync = 0" error=<nil>
time=2025-01-14T21:57:08.031+03:00 level=ERROR msg="len sync = 0" error=<nil>
time=2025-01-14T21:57:09.031+03:00 level=ERROR msg="len sync = 0" error=<nil>
time=2025-01-14T21:57:10.031+03:00 level=ERROR msg="len sync = 0" error=<nil>
time=2025-01-14T21:57:11.031+03:00 level=ERROR msg="len sync = 0" error=<nil>
time=2025-01-14T21:57:12.031+03:00 level=ERROR msg="len sync = 0" error=<nil>
time=2025-01-14T21:57:13.031+03:00 level=ERROR msg="len sync = 0" error=<nil>
time=2025-01-14T21:57:14.031+03:00 level=ERROR msg="len sync = 0" error=<nil>
time=2025-01-14T21:57:15.030+03:00 level=ERROR msg="len sync = 0" error=<nil>
time=2025-01-14T21:57:16.031+03:00 level=ERROR msg="len sync = 0" error=<nil>
time=2025-01-14T21:57:17.030+03:00 level=ERROR msg="len sync = 0" error=<nil>
time=2025-01-14T21:57:18.031+03:00 level=ERROR msg="len sync = 0" error=<nil>
time=2025-01-14T21:57:19.030+03:00 level=ERROR msg="len sync = 0" error=<nil>
time=2025-01-14T21:57:20.030+03:00 level=ERROR msg="len sync = 0" error=<nil>
time=2025-01-14T21:57:21.032+03:00 level=ERROR msg="len sync = 0" error=<nil>
time=2025-01-14T21:57:22.031+03:00 level=ERROR msg="len sync = 0" error=<nil>
time=2025-01-14T21:57:23.031+03:00 level=ERROR msg="len sync = 0" error=<nil>
time=2025-01-14T21:57:24.031+03:00 level=ERROR msg="len sync = 0" error=<nil>
time=2025-01-14T21:57:25.031+03:00 level=ERROR msg="len sync = 0" error=<nil>
time=2025-01-14T21:57:26.030+03:00 level=ERROR msg="len sync = 0" error=<nil>
time=2025-01-14T21:57:27.030+03:00 level=ERROR msg="len sync = 0" error=<nil>
time=2025-01-14T21:57:28.030+03:00 level=ERROR msg="len sync = 0" error=<nil>
time=2025-01-14T21:57:29.030+03:00 level=ERROR msg="len sync = 0" error=<nil>
time=2025-01-14T21:57:30.030+03:00 level=ERROR msg="len sync = 0" error=<nil>
time=2025-01-14T21:57:31.030+03:00 level=ERROR msg="len sync = 0" error=<nil>
time=2025-01-14T21:57:32.030+03:00 level=ERROR msg="len sync = 0" error=<nil>
time=2025-01-14T21:57:33.030+03:00 level=ERROR msg="len sync = 0" error=<nil>
time=2025-01-14T21:57:34.030+03:00 level=ERROR msg="len sync = 0" error=<nil>
time=2025-01-14T21:57:35.030+03:00 level=ERROR msg="len sync = 0" error=<nil>
time=2025-01-14T21:57:36.030+03:00 level=ERROR msg="len sync = 0" error=<nil>
time=2025-01-14T21:57:37.030+03:00 level=ERROR msg="len sync = 0" error=<nil>
time=2025-01-14T21:57:38.030+03:00 level=ERROR msg="len sync = 0" error=<nil>
time=2025-01-14T21:57:39.030+03:00 level=ERROR msg="len sync = 0" error=<nil>
time=2025-01-14T21:57:40.030+03:00 level=ERROR msg="len sync = 0" error=<nil>
time=2025-01-14T21:57:41.030+03:00 level=ERROR msg="len sync = 0" error=<nil>
time=2025-01-14T21:57:42.030+03:00 level=ERROR msg="len sync = 0" error=<nil>
time=2025-01-14T21:57:43.030+03:00 level=ERROR msg="len sync = 0" error=<nil>
time=2025-01-14T21:57:44.030+03:00 level=ERROR msg="len sync = 0" error=<nil>
time=2025-01-14T21:57:45.030+03:00 level=ERROR msg="len sync = 0" error=<nil>
time=2025-01-14T21:57:46.030+03:00 level=ERROR msg="len sync = 0" error=<nil>
time=2025-01-14T21:57:47.030+03:00 level=ERROR msg="len sync = 0" error=<nil>
time=2025-01-14T21:57:48.029+03:00 level=ERROR msg="len sync = 0" error=<nil>
time=2025-01-14T21:57:49.030+03:00 level=ERROR msg="len sync = 0" error=<nil>
time=2025-01-14T21:57:50.029+03:00 level=ERROR msg="len sync = 0" error=<nil>
time=2025-01-14T21:57:51.030+03:00 level=ERROR msg="len sync = 0" error=<nil>
time=2025-01-14T21:57:52.031+03:00 level=ERROR msg="len sync = 0" error=<nil>
time=2025-01-14T21:57:53.030+03:00 level=ERROR msg="len sync = 0" error=<nil>
time=2025-01-14T21:57:54.029+03:00 level=ERROR msg="len sync = 0" error=<nil>
time=2025-01-14T21:57:55.029+03:00 level=ERROR msg="len sync = 0" error=<nil>
time=2025-01-14T21:57:56.029+03:00 level=ERROR msg="len sync = 0" error=<nil>
time=2025-01-14T21:57:57.029+03:00 level=ERROR msg="len sync = 0" error=<nil>
time=2025-01-14T21:57:58.029+03:00 level=ERROR msg="len sync = 0" error=<nil>
time=2025-01-14T21:57:59.029+03:00 level=ERROR msg="len sync = 0" error=<nil>
time=2025-01-14T21:58:00.029+03:00 level=ERROR msg="len sync = 0" error=<nil>
time=2025-01-14T21:58:01.029+03:00 level=ERROR msg="len sync = 0" error=<nil>
time=2025-01-14T21:58:02.029+03:00 level=ERROR msg="len sync = 0" error=<nil>
time=2025-01-14T21:58:03.029+03:00 level=ERROR msg="len sync = 0" error=<nil>
time=2025-01-14T21:58:04.029+03:00 level=ERROR msg="len sync = 0" error=<nil>
time=2025-01-14T21:58:05.029+03:00 level=ERROR msg="len sync = 0" error=<nil>
time=2025-01-14T21:58:06.029+03:00 level=ERROR msg="len sync = 0" error=<nil>
time=2025-01-14T21:58:07.029+03:00 level=ERROR msg="len sync = 0" error=<nil>
time=2025-01-14T21:58:08.029+03:00 level=ERROR msg="len sync = 0" error=<nil>
time=2025-01-14T21:58:09.029+03:00 level=ERROR msg="len sync = 0" error=<nil>
time=2025-01-14T21:58:10.029+03:00 level=ERROR msg="len sync = 0" error=<nil>
time=2025-01-14T21:58:11.029+03:00 level=ERROR msg="len sync = 0" error=<nil>
time=2025-01-14T21:58:12.028+03:00 level=ERROR msg="len sync = 0" error=<nil>
time=2025-01-14T21:58:13.029+03:00 level=ERROR msg="len sync = 0" error=<nil>
time=2025-01-14T21:58:14.029+03:00 level=ERROR msg="len sync = 0" error=<nil>
time=2025-01-14T21:58:15.028+03:00 level=ERROR msg="len sync = 0" error=<nil>
time=2025-01-14T21:58:16.029+03:00 level=ERROR msg="len sync = 0" error=<nil>
time=2025-01-14T21:58:17.029+03:00 level=ERROR msg="len sync = 0" error=<nil>
time=2025-01-14T21:58:18.028+03:00 level=ERROR msg="len sync = 0" error=<nil>
time=2025-01-14T21:58:19.028+03:00 level=ERROR msg="len sync = 0" error=<nil>
time=2025-01-14T21:58:20.028+03:00 level=ERROR msg="len sync = 0" error=<nil>
time=2025-01-14T21:58:21.028+03:00 level=ERROR msg="len sync = 0" error=<nil>
time=2025-01-14T21:58:22.028+03:00 level=ERROR msg="len sync = 0" error=<nil>
time=2025-01-14T21:58:23.027+03:00 level=ERROR msg="len sync = 0" error=<nil>
time=2025-01-14T21:58:24.028+03:00 level=ERROR msg="len sync = 0" error=<nil>
time=2025-01-14T21:58:25.028+03:00 level=ERROR msg="len sync = 0" error=<nil>
time=2025-01-14T21:58:26.028+03:00 level=ERROR msg="len sync = 0" error=<nil>
time=2025-01-14T21:58:27.028+03:00 level=ERROR msg="len sync = 0" error=<nil>
time=2025-01-14T21:58:28.028+03:00 level=ERROR msg="len sync = 0" error=<nil>
time=2025-01-14T21:58:29.028+03:00 level=ERROR msg="len sync = 0" error=<nil>
time=2025-01-14T21:58:30.028+03:00 level=ERROR msg="len sync = 0" error=<nil>
time=2025-01-14T21:58:31.028+03:00 level=ERROR msg="len sync = 0" error=<nil>
time=2025-01-14T21:58:32.028+03:00 level=ERROR msg="len sync = 0" error=<nil>
time=2025-01-14T21:58:33.028+03:00 level=ERROR msg="len sync = 0" error=<nil>
time=2025-01-14T21:58:34.028+03:00 level=ERROR msg="len sync = 0" error=<nil>
time=2025-01-14T21:58:35.028+03:00 level=ERROR msg="len sync = 0" error=<nil>
time=2025-01-14T21:58:36.029+03:00 level=ERROR msg="len sync = 0" error=<nil>
time=2025-01-14T21:58:37.028+03:00 level=ERROR msg="len sync = 0" error=<nil>
time=2025-01-14T21:58:38.028+03:00 level=ERROR msg="len sync = 0" error=<nil>
time=2025-01-14T21:58:39.027+03:00 level=ERROR msg="len sync = 0" error=<nil>
time=2025-01-14T21:58:40.027+03:00 level=ERROR msg="len sync = 0" error=<nil>
time=2025-01-14T21:58:41.028+03:00 level=ERROR msg="len sync = 0" error=<nil>
time=2025-01-14T21:58:42.028+03:00 level=ERROR msg="len sync = 0" error=<nil>
time=2025-01-14T21:58:43.028+03:00 level=ERROR msg="len sync = 0" error=<nil>
time=2025-01-14T21:58:44.027+03:00 level=ERROR msg="len sync = 0" error=<nil>
time=2025-01-14T21:58:45.027+03:00 level=ERROR msg="len sync = 0" error=<nil>
time=2025-01-14T21:58:46.028+03:00 level=ERROR msg="len sync = 0" error=<nil>
time=2025-01-14T21:58:47.027+03:00 level=ERROR msg="len sync = 0" error=<nil>
time=2025-01-14T21:58:48.027+03:00 level=ERROR msg="len sync = 0" error=<nil>
time=2025-01-14T21:58:49.027+03:00 level=ERROR msg="len sync = 0" error=<nil>
time=2025-01-14T21:58:50.027+03:00 level=ERROR msg="len sync = 0" error=<nil>
time=2025-01-14T21:58:51.026+03:00 level=ERROR msg="len sync = 0" error=<nil>
time=2025-01-14T21:58:52.027+03:00 level=ERROR msg="len sync = 0" error=<nil>
time=2025-01-14T21:58:53.027+03:00 level=ERROR msg="len sync = 0" error=<nil>
time=2025-01-14T21:58:54.027+03:00 level=ERROR msg="len sync = 0" error=<nil>
time=2025-01-14T21:58:55.026+03:00 level=ERROR msg="len sync = 0" error=<nil>
time=2025-01-14T21:58:56.027+03:00 level=ERROR msg="len sync = 0" error=<nil>
time=2025-01-14T21:58:57.027+03:00 level=ERROR msg="len sync = 0" error=<nil>
time=2025-01-14T21:58:58.026+03:00 level=ERROR msg="len sync = 0" error=<nil>
time=2025-01-14T21:58:59.027+03:00 level=ERROR msg="len sync = 0" error=<nil>
time=2025-01-14T21:59:00.027+03:00 level=ERROR msg="len sync = 0" error=<nil>
time=2025-01-14T21:59:01.027+03:00 level=ERROR msg="len sync = 0" error=<nil>
time=2025-01-14T21:59:02.027+03:00 level=ERROR msg="len sync = 0" error=<nil>
time=2025-01-14T21:59:03.027+03:00 level=ERROR msg="len sync = 0" error=<nil>
time=2025-01-14T21:59:04.027+03:00 level=ERROR msg="len sync = 0" error=<nil>
time=2025-01-14T21:59:05.027+03:00 level=ERROR msg="len sync = 0" error=<nil>
time=2025-01-14T21:59:06.027+03:00 level=ERROR msg="len sync = 0" error=<nil>
time=2025-01-14T21:59:07.026+03:00 level=ERROR msg="len sync = 0" error=<nil>
time=2025-01-14T21:59:08.026+03:00 level=ERROR msg="len sync = 0" error=<nil>
time=2025-01-14T21:59:09.026+03:00 level=ERROR msg="len sync = 0" error=<nil>
time=2025-01-14T21:59:10.026+03:00 level=ERROR msg="len sync = 0" error=<nil>
time=2025-01-14T21:59:11.025+03:00 level=ERROR msg="len sync = 0" error=<nil>
time=2025-01-14T21:59:12.026+03:00 level=ERROR msg="len sync = 0" error=<nil>
time=2025-01-14T21:59:13.026+03:00 level=ERROR msg="len sync = 0" error=<nil>
time=2025-01-14T21:59:14.026+03:00 level=ERROR msg="len sync = 0" error=<nil>
time=2025-01-14T21:59:15.026+03:00 level=ERROR msg="len sync = 0" error=<nil>
time=2025-01-14T21:59:16.026+03:00 level=ERROR msg="len sync = 0" error=<nil>
time=2025-01-14T21:59:17.026+03:00 level=ERROR msg="len sync = 0" error=<nil>
time=2025-01-14T21:59:18.026+03:00 level=ERROR msg="len sync = 0" error=<nil>
time=2025-01-14T21:59:19.026+03:00 level=ERROR msg="len sync = 0" error=<nil>
time=2025-01-14T21:59:20.026+03:00 level=ERROR msg="len sync = 0" error=<nil>
time=2025-01-14T21:59:21.026+03:00 level=ERROR msg="len sync = 0" error=<nil>
time=2025-01-14T21:59:22.026+03:00 level=ERROR msg="len sync = 0" error=<nil>
time=2025-01-14T21:59:23.026+03:00 level=ERROR msg="len sync = 0" error=<nil>
time=2025-01-14T21:59:24.026+03:00 level=ERROR msg="len sync = 0" error=<nil>
time=2025-01-14T21:59:25.026+03:00 level=ERROR msg="len sync = 0" error=<nil>
time=2025-01-14T21:59:26.026+03:00 level=ERROR msg="len sync = 0" error=<nil>
time=2025-01-14T21:59:27.026+03:00 level=ERROR msg="len sync = 0" error=<nil>
